2020-10-27 18:37:14.224  INFO 11296 --- [restartedMain] com.vs.vsreport.VsreportApplication      : Starting VsreportApplication on DESKTOP-5DI78C3 with PID 11296 (C:\Users\aviru\Documents\workspace-spring-tool-suite-4-4.6.1.RELEASE\vsreport\target\classes started by aviru in C:\Users\aviru\Documents\workspace-spring-tool-suite-4-4.6.1.RELEASE\vsreport)
2020-10-27 18:37:14.224  INFO 11296 --- [restartedMain] com.vs.vsreport.VsreportApplication      : No active profile set, falling back to default profiles: default
2020-10-27 18:37:14.483  INFO 11296 --- [restartedMain] .s.d.r.c.RepositoryConfigurationDelegate : Bootstrapping Spring Data JPA repositories in DEFERRED mode.
2020-10-27 18:37:14.499  INFO 11296 --- [restartedMain] .s.d.r.c.RepositoryConfigurationDelegate : Finished Spring Data repository scanning in 15ms. Found 3 JPA repository interfaces.
2020-10-27 18:37:14.618  INFO 11296 --- [restartedMain] o.s.b.w.embedded.tomcat.TomcatWebServer  : Tomcat initialized with port(s): 555 (http)
2020-10-27 18:37:14.619  INFO 11296 --- [restartedMain] o.apache.catalina.core.StandardService   : Starting service [Tomcat]
2020-10-27 18:37:14.619  INFO 11296 --- [restartedMain] org.apache.catalina.core.StandardEngine  : Starting Servlet engine: [Apache Tomcat/9.0.38]
2020-10-27 18:37:14.695  INFO 11296 --- [restartedMain] org.apache.jasper.servlet.TldScanner     : At least one JAR was scanned for TLDs yet contained no TLDs. Enable debug logging for this logger for a complete list of JARs that were scanned but no TLDs were found in them. Skipping unneeded JARs during scanning can improve startup time and JSP compilation time.
2020-10-27 18:37:14.696  INFO 11296 --- [restartedMain] o.a.c.c.C.[Tomcat].[localhost].[/]       : Initializing Spring embedded WebApplicationContext
2020-10-27 18:37:14.697  INFO 11296 --- [restartedMain] w.s.c.ServletWebServerApplicationContext : Root WebApplicationContext: initialization completed in 470 ms
2020-10-27 18:37:14.750  INFO 11296 --- [restartedMain] o.s.s.concurrent.ThreadPoolTaskExecutor  : Initializing ExecutorService 'applicationTaskExecutor'
2020-10-27 18:37:14.760  INFO 11296 --- [task-1] o.hibernate.jpa.internal.util.LogHelper  : HHH000204: Processing PersistenceUnitInfo [name: default]
2020-10-27 18:37:14.766  INFO 11296 --- [task-1] com.zaxxer.hikari.HikariDataSource       : HikariPool-3 - Starting...
2020-10-27 18:37:14.770  INFO 11296 --- [task-1] com.zaxxer.hikari.HikariDataSource       : HikariPool-3 - Start completed.
2020-10-27 18:37:14.771  INFO 11296 --- [task-1] org.hibernate.dialect.Dialect            : HHH000400: Using dialect: org.hibernate.dialect.MySQL5InnoDBDialect
2020-10-27 18:37:14.832  INFO 11296 --- [task-1] o.h.e.t.j.p.i.JtaPlatformInitiator       : HHH000490: Using JtaPlatform implementation: [org.hibernate.engine.transaction.jta.platform.internal.NoJtaPlatform]
2020-10-27 18:37:14.833  INFO 11296 --- [task-1] j.LocalContainerEntityManagerFactoryBean : Initialized JPA EntityManagerFactory for persistence unit 'default'
2020-10-27 18:37:14.878  INFO 11296 --- [task-2] o.s.b.d.a.OptionalLiveReloadServer       : LiveReload server is running on port 35729
2020-10-27 18:37:14.906  WARN 11296 --- [restartedMain] JpaBaseConfiguration$JpaWebConfiguration : spring.jpa.open-in-view is enabled by default. Therefore, database queries may be performed during view rendering. Explicitly configure spring.jpa.open-in-view to disable this warning
2020-10-27 18:37:14.967  INFO 11296 --- [restartedMain] pertySourcedRequestMappingHandlerMapping : Mapped URL path [/v2/api-docs] onto method [springfox.documentation.swagger2.web.Swagger2Controller#getDocumentation(String, HttpServletRequest)]
2020-10-27 18:37:15.138  INFO 11296 --- [restartedMain] o.s.b.w.embedded.tomcat.TomcatWebServer  : Tomcat started on port(s): 555 (http) with context path ''
2020-10-27 18:37:15.138  INFO 11296 --- [restartedMain] d.s.w.p.DocumentationPluginsBootstrapper : Context refreshed
2020-10-27 18:37:15.139  INFO 11296 --- [restartedMain] d.s.w.p.DocumentationPluginsBootstrapper : Found 1 custom documentation plugin(s)
2020-10-27 18:37:15.144  INFO 11296 --- [restartedMain] s.d.s.w.s.ApiListingReferenceScanner     : Scanning for api listing references
2020-10-27 18:37:15.144  INFO 11296 --- [restartedMain] DeferredRepositoryInitializationListener : Triggering deferred initialization of Spring Data repositories…
2020-10-27 18:37:15.207  INFO 11296 --- [restartedMain] DeferredRepositoryInitializationListener : Spring Data repositories initialized!
2020-10-27 18:37:15.210  INFO 11296 --- [restartedMain] com.vs.vsreport.VsreportApplication      : Started VsreportApplication in 1.011 seconds (JVM running for 1185.433)
2020-10-27 18:37:15.211  INFO 11296 --- [restartedMain] .ConditionEvaluationDeltaLoggingListener : Condition evaluation unchanged
2020-10-27 18:37:24.365  INFO 11296 --- [RMI TCP Connection(4)-127.0.0.1] inMXBeanRegistrar$SpringApplicationAdmin : Application shutdown requested.
2020-10-27 18:37:24.435  INFO 11296 --- [RMI TCP Connection(4)-127.0.0.1] j.LocalContainerEntityManagerFactoryBean : Closing JPA EntityManagerFactory for persistence unit 'default'
2020-10-27 18:37:24.435  INFO 11296 --- [RMI TCP Connection(4)-127.0.0.1] o.s.s.concurrent.ThreadPoolTaskExecutor  : Shutting down ExecutorService 'applicationTaskExecutor'
2020-10-27 18:37:24.435  INFO 11296 --- [RMI TCP Connection(4)-127.0.0.1] com.zaxxer.hikari.HikariDataSource       : HikariPool-3 - Shutdown initiated...
2020-10-27 18:37:24.439  INFO 11296 --- [RMI TCP Connection(4)-127.0.0.1] com.zaxxer.hikari.HikariDataSource       : HikariPool-3 - Shutdown completed.
